<?xml version="1.0" encoding="UTF-8"?>
<!-- Generated by org.testng.reporters.JUnitReportReporter -->
<testsuite hostname="DESKTOP-BV1SEVA" failures="0" tests="1" name="standalone.purchaseOrder" time="13.167" errors="0" timestamp="2024-09-30T01:32:22 MYT" skipped="0">
  <testcase classname="standalone.purchaseOrder" name="SubmitOrder" time="13.167"/>
</testsuite> <!-- standalone.purchaseOrder -->
