<?xml version="1.0" encoding="UTF-8"?>
<!-- Generated by org.testng.reporters.JUnitReportReporter -->
<testsuite hostname="DESKTOP-BV1SEVA" failures="0" tests="2" name="ecoss.Test.InValidPurchaseTest" time="22.136" errors="0" timestamp="2024-10-11T00:02:45 MYT" skipped="0">
  <testcase classname="ecoss.Test.InValidPurchaseTest" name="invalidLoginCredentials" time="10.051"/>
  <testcase classname="ecoss.Test.InValidPurchaseTest" name="invalidLoginCredentials" time="12.085"/>
</testsuite> <!-- ecoss.Test.InValidPurchaseTest -->
