<?xml version="1.0" encoding="UTF-8"?>
<!-- Generated by org.testng.reporters.JUnitReportReporter -->
<testsuite hostname="DESKTOP-BV1SEVA" failures="0" tests="1" name="standalone.PurchaseOrderTest" time="12.481" errors="0" timestamp="2024-09-30T22:03:42 MYT" skipped="0">
  <testcase classname="standalone.PurchaseOrderTest" name="SubmitOrder" time="12.481"/>
</testsuite> <!-- standalone.PurchaseOrderTest -->
