<?xml version="1.0" encoding="UTF-8"?>
<!-- Generated by org.testng.reporters.JUnitReportReporter -->
<testsuite hostname="DESKTOP-BV1SEVA" failures="0" tests="4" name="ecoss.Test.PurchaseOrderTest" time="47.154" errors="0" timestamp="2024-10-10T01:22:51 MYT" skipped="0">
  <testcase classname="ecoss.Test.PurchaseOrderTest" name="BOrderVerification" time="10.940"/>
  <testcase classname="ecoss.Test.PurchaseOrderTest" name="ASubmitOrder" time="12.695"/>
  <testcase classname="ecoss.Test.PurchaseOrderTest" name="ASubmitOrder" time="12.916"/>
  <testcase classname="ecoss.Test.PurchaseOrderTest" name="BOrderVerification" time="10.603"/>
</testsuite> <!-- ecoss.Test.PurchaseOrderTest -->
